# JRE version: OpenJDK Runtime Environment (8.0_242-b01) (build 1.8.0_242-release-1644-b01)
# Java VM: OpenJDK 64-Bit Server VM (25.242-b01 mixed mode windows-amd64 compressed oops)
Heap:
 PSYoungGen      total 252416K, used 78880K [0x00000000d5580000, 0x00000000e5a00000, 0x0000000100000000)
  eden space 238080K, 27% used [0x00000000d5580000,0x00000000d948c0c8,0x00000000e3e00000)
  from space 14336K, 99% used [0x00000000e3e00000,0x00000000e4bfc200,0x00000000e4c00000)
  to   space 12800K, 0% used [0x00000000e4d80000,0x00000000e4d80000,0x00000000e5a00000)
 ParOldGen       total 70144K, used 20687K [0x0000000080000000, 0x0000000084480000, 0x00000000d5580000)
  object space 70144K, 29% used [0x0000000080000000,0x0000000081433ca8,0x0000000084480000)
 Metaspace       used 52952K, capacity 55018K, committed 55256K, reserved 1097728K
  class space    used 7115K, capacity 7571K, committed 7680K, reserved 1048576K
GC Heap History (10 events):
Event: 5.585 GC heap before
{Heap before GC invocations=7 (full 1):
 PSYoungGen      total 142336K, used 5280K [0x00000000d5580000, 0x00000000dec80000, 0x0000000100000000)
  eden space 131072K, 0% used [0x00000000d5580000,0x00000000d5580000,0x00000000dd580000)
  from space 11264K, 46% used [0x00000000de180000,0x00000000de6a8030,0x00000000dec80000)
  to   space 11776K, 0% used [0x00000000dd580000,0x00000000dd580000,0x00000000de100000)
 ParOldGen       total 86016K, used 9788K [0x0000000080000000, 0x0000000085400000, 0x00000000d5580000)
  object space 86016K, 11% used [0x0000000080000000,0x000000008098f368,0x0000000085400000)
 Metaspace       used 20520K, capacity 21192K, committed 21248K, reserved 1067008K
  class space    used 2860K, capacity 3044K, committed 3072K, reserved 1048576K
Event: 5.634 GC heap after
Heap after GC invocations=7 (full 1):
 PSYoungGen      total 142336K, used 0K [0x00000000d5580000, 0x00000000dec80000, 0x0000000100000000)
  eden space 131072K, 0% used [0x00000000d5580000,0x00000000d5580000,0x00000000dd580000)
  from space 11264K, 0% used [0x00000000de180000,0x00000000de180000,0x00000000dec80000)
  to   space 11776K, 0% used [0x00000000dd580000,0x00000000dd580000,0x00000000de100000)
 ParOldGen       total 50688K, used 6787K [0x0000000080000000, 0x0000000083180000, 0x00000000d5580000)
  object space 50688K, 13% used [0x0000000080000000,0x00000000806a0ea8,0x0000000083180000)
 Metaspace       used 20520K, capacity 21192K, committed 21248K, reserved 1067008K
  class space    used 2860K, capacity 3044K, committed 3072K, reserved 1048576K
}
Event: 7.741 GC heap before
{Heap before GC invocations=8 (full 1):
 PSYoungGen      total 142336K, used 131072K [0x00000000d5580000, 0x00000000dec80000, 0x0000000100000000)
  eden space 131072K, 100% used [0x00000000d5580000,0x00000000dd580000,0x00000000dd580000)
  from space 11264K, 0% used [0x00000000de180000,0x00000000de180000,0x00000000dec80000)
  to   space 11776K, 0% used [0x00000000dd580000,0x00000000dd580000,0x00000000de100000)
 ParOldGen       total 50688K, used 6787K [0x0000000080000000, 0x0000000083180000, 0x00000000d5580000)
  object space 50688K, 13% used [0x0000000080000000,0x00000000806a0ea8,0x0000000083180000)
 Metaspace       used 32653K, capacity 33700K, committed 33920K, reserved 1079296K
  class space    used 4444K, capacity 4718K, committed 4736K, reserved 1048576K
Event: 7.758 GC heap after
Heap after GC invocations=8 (full 1):
 PSYoungGen      total 142848K, used 11761K [0x00000000d5580000, 0x00000000e5c00000, 0x0000000100000000)
  eden space 131072K, 0% used [0x00000000d5580000,0x00000000d5580000,0x00000000dd580000)
  from space 11776K, 99% used [0x00000000dd580000,0x00000000de0fc508,0x00000000de100000)
  to   space 14848K, 0% used [0x00000000e4d80000,0x00000000e4d80000,0x00000000e5c00000)
 ParOldGen       total 50688K, used 8938K [0x0000000080000000, 0x0000000083180000, 0x00000000d5580000)
  object space 50688K, 17% used [0x0000000080000000,0x00000000808bab40,0x0000000083180000)
 Metaspace       used 32653K, capacity 33700K, committed 33920K, reserved 1079296K
  class space    used 4444K, capacity 4718K, committed 4736K, reserved 1048576K
}
Event: 8.444 GC heap before
{Heap before GC invocations=9 (full 1):
 PSYoungGen      total 142848K, used 44218K [0x00000000d5580000, 0x00000000e5c00000, 0x0000000100000000)
  eden space 131072K, 24% used [0x00000000d5580000,0x00000000d75326a0,0x00000000dd580000)
  from space 11776K, 99% used [0x00000000dd580000,0x00000000de0fc508,0x00000000de100000)
  to   space 14848K, 0% used [0x00000000e4d80000,0x00000000e4d80000,0x00000000e5c00000)
 ParOldGen       total 50688K, used 8938K [0x0000000080000000, 0x0000000083180000, 0x00000000d5580000)
  object space 50688K, 17% used [0x0000000080000000,0x00000000808bab40,0x0000000083180000)
 Metaspace       used 34205K, capacity 35316K, committed 35416K, reserved 1079296K
  class space    used 4701K, capacity 4969K, committed 4992K, reserved 1048576K
Event: 8.468 GC heap after
Heap after GC invocations=9 (full 1):
 PSYoungGen      total 250880K, used 8148K [0x00000000d5580000, 0x00000000e5a00000, 0x0000000100000000)
  eden space 238080K, 0% used [0x00000000d5580000,0x00000000d5580000,0x00000000e3e00000)
  from space 12800K, 63% used [0x00000000e4d80000,0x00000000e5575020,0x00000000e5a00000)
  to   space 14336K, 0% used [0x00000000e3e00000,0x00000000e3e00000,0x00000000e4c00000)
 ParOldGen       total 50688K, used 8946K [0x0000000080000000, 0x0000000083180000, 0x00000000d5580000)
  object space 50688K, 17% used [0x0000000080000000,0x00000000808bcb40,0x0000000083180000)
 Metaspace       used 34205K, capacity 35316K, committed 35416K, reserved 1079296K
  class space    used 4701K, capacity 4969K, committed 4992K, reserved 1048576K
}
Event: 8.468 GC heap before
{Heap before GC invocations=10 (full 2):
 PSYoungGen      total 250880K, used 8148K [0x00000000d5580000, 0x00000000e5a00000, 0x0000000100000000)
  eden space 238080K, 0% used [0x00000000d5580000,0x00000000d5580000,0x00000000e3e00000)
  from space 12800K, 63% used [0x00000000e4d80000,0x00000000e5575020,0x00000000e5a00000)
  to   space 14336K, 0% used [0x00000000e3e00000,0x00000000e3e00000,0x00000000e4c00000)
 ParOldGen       total 50688K, used 8946K [0x0000000080000000, 0x0000000083180000, 0x00000000d5580000)
  object space 50688K, 17% used [0x0000000080000000,0x00000000808bcb40,0x0000000083180000)
 Metaspace       used 34205K, capacity 35316K, committed 35416K, reserved 1079296K
  class space    used 4701K, capacity 4969K, committed 4992K, reserved 1048576K
Event: 8.548 GC heap after
Heap after GC invocations=10 (full 2):
 PSYoungGen      total 250880K, used 0K [0x00000000d5580000, 0x00000000e5a00000, 0x0000000100000000)
  eden space 238080K, 0% used [0x00000000d5580000,0x00000000d5580000,0x00000000e3e00000)
  from space 12800K, 0% used [0x00000000e4d80000,0x00000000e4d80000,0x00000000e5a00000)
  to   space 14336K, 0% used [0x00000000e3e00000,0x00000000e3e00000,0x00000000e4c00000)
 ParOldGen       total 70144K, used 14619K [0x0000000080000000, 0x0000000084480000, 0x00000000d5580000)
  object space 70144K, 20% used [0x0000000080000000,0x0000000080e46c78,0x0000000084480000)
 Metaspace       used 34205K, capacity 35316K, committed 35416K, reserved 1079296K
  class space    used 4701K, capacity 4969K, committed 4992K, reserved 1048576K
}
Event: 12.392 GC heap before
{Heap before GC invocations=11 (full 2):
 PSYoungGen      total 250880K, used 238080K [0x00000000d5580000, 0x00000000e5a00000, 0x0000000100000000)
  eden space 238080K, 100% used [0x00000000d5580000,0x00000000e3e00000,0x00000000e3e00000)
  from space 12800K, 0% used [0x00000000e4d80000,0x00000000e4d80000,0x00000000e5a00000)
  to   space 14336K, 0% used [0x00000000e3e00000,0x00000000e3e00000,0x00000000e4c00000)
 ParOldGen       total 70144K, used 14619K [0x0000000080000000, 0x0000000084480000, 0x00000000d5580000)
  object space 70144K, 20% used [0x0000000080000000,0x0000000080e46c78,0x0000000084480000)
 Metaspace       used 47800K, capacity 49588K, committed 49880K, reserved 1091584K
  class space    used 6446K, capacity 6786K, committed 6912K, reserved 1048576K
Event: 12.433 GC heap after
Heap after GC invocations=11 (full 2):
 PSYoungGen      total 252416K, used 14320K [0x00000000d5580000, 0x00000000e5a00000, 0x0000000100000000)
  eden space 238080K, 0% used [0x00000000d5580000,0x00000000d5580000,0x00000000e3e00000)
  from space 14336K, 99% used [0x00000000e3e00000,0x00000000e4bfc200,0x00000000e4c00000)
  to   space 12800K, 0% used [0x00000000e4d80000,0x00000000e4d80000,0x00000000e5a00000)
 ParOldGen       total 70144K, used 20687K [0x0000000080000000, 0x0000000084480000, 0x00000000d5580000)
  object space 70144K, 29% used [0x0000000080000000,0x0000000081433ca8,0x0000000084480000)
 Metaspace       used 47800K, capacity 49588K, committed 49880K, reserved 1091584K
  class space    used 6446K, capacity 6786K, committed 6912K, reserved 1048576K
}

