# JRE version: OpenJDK Runtime Environment (8.0_242-b01) (build 1.8.0_242-release-1644-b01)
# Java VM: OpenJDK 64-Bit Server VM (25.242-b01 mixed mode windows-amd64 compressed oops)
Heap:
 PSYoungGen      total 183808K, used 22399K [0x00000000d5580000, 0x00000000e4f00000, 0x0000000100000000)
  eden space 170496K, 5% used [0x00000000d5580000,0x00000000d5e655c0,0x00000000dfc00000)
  from space 13312K, 99% used [0x00000000dfc00000,0x00000000e08fa820,0x00000000e0900000)
  to   space 19968K, 0% used [0x00000000e3b80000,0x00000000e3b80000,0x00000000e4f00000)
 ParOldGen       total 75264K, used 30469K [0x0000000080000000, 0x0000000084980000, 0x00000000d5580000)
  object space 75264K, 40% used [0x0000000080000000,0x0000000081dc16e0,0x0000000084980000)
 Metaspace       used 56094K, capacity 58432K, committed 58664K, reserved 1099776K
  class space    used 7659K, capacity 8159K, committed 8240K, reserved 1048576K
GC Heap History (10 events):
Event: 6.255 GC heap before
{Heap before GC invocations=9 (full 1):
 PSYoungGen      total 75264K, used 64512K [0x00000000d5580000, 0x00000000de880000, 0x0000000100000000)
  eden space 64512K, 100% used [0x00000000d5580000,0x00000000d9480000,0x00000000d9480000)
  from space 10752K, 0% used [0x00000000d9480000,0x00000000d9480000,0x00000000d9f00000)
  to   space 10752K, 0% used [0x00000000dde00000,0x00000000dde00000,0x00000000de880000)
 ParOldGen       total 48640K, used 6884K [0x0000000080000000, 0x0000000082f80000, 0x00000000d5580000)
  object space 48640K, 14% used [0x0000000080000000,0x00000000806b90b8,0x0000000082f80000)
 Metaspace       used 28499K, capacity 29374K, committed 29616K, reserved 1075200K
  class space    used 3938K, capacity 4187K, committed 4272K, reserved 1048576K
Event: 6.264 GC heap after
Heap after GC invocations=9 (full 1):
 PSYoungGen      total 125952K, used 8075K [0x00000000d5580000, 0x00000000de600000, 0x0000000100000000)
  eden space 117760K, 0% used [0x00000000d5580000,0x00000000d5580000,0x00000000dc880000)
  from space 8192K, 98% used [0x00000000dde00000,0x00000000de5e2d68,0x00000000de600000)
  to   space 11264K, 0% used [0x00000000dd000000,0x00000000dd000000,0x00000000ddb00000)
 ParOldGen       total 48640K, used 6892K [0x0000000080000000, 0x0000000082f80000, 0x00000000d5580000)
  object space 48640K, 14% used [0x0000000080000000,0x00000000806bb0b8,0x0000000082f80000)
 Metaspace       used 28499K, capacity 29374K, committed 29616K, reserved 1075200K
  class space    used 3938K, capacity 4187K, committed 4272K, reserved 1048576K
}
Event: 8.192 GC heap before
{Heap before GC invocations=10 (full 1):
 PSYoungGen      total 125952K, used 105365K [0x00000000d5580000, 0x00000000de600000, 0x0000000100000000)
  eden space 117760K, 82% used [0x00000000d5580000,0x00000000db4829f0,0x00000000dc880000)
  from space 8192K, 98% used [0x00000000dde00000,0x00000000de5e2d68,0x00000000de600000)
  to   space 11264K, 0% used [0x00000000dd000000,0x00000000dd000000,0x00000000ddb00000)
 ParOldGen       total 48640K, used 6892K [0x0000000080000000, 0x0000000082f80000, 0x00000000d5580000)
  object space 48640K, 14% used [0x0000000080000000,0x00000000806bb0b8,0x0000000082f80000)
 Metaspace       used 34348K, capacity 35414K, committed 35496K, reserved 1079296K
  class space    used 4715K, capacity 5002K, committed 5040K, reserved 1048576K
Event: 8.214 GC heap after
Heap after GC invocations=10 (full 1):
 PSYoungGen      total 136704K, used 11234K [0x00000000d5580000, 0x00000000e1880000, 0x0000000100000000)
  eden space 125440K, 0% used [0x00000000d5580000,0x00000000d5580000,0x00000000dd000000)
  from space 11264K, 99% used [0x00000000dd000000,0x00000000ddaf8a78,0x00000000ddb00000)
  to   space 12800K, 0% used [0x00000000e0c00000,0x00000000e0c00000,0x00000000e1880000)
 ParOldGen       total 48640K, used 7026K [0x0000000080000000, 0x0000000082f80000, 0x00000000d5580000)
  object space 48640K, 14% used [0x0000000080000000,0x00000000806dcab8,0x0000000082f80000)
 Metaspace       used 34348K, capacity 35414K, committed 35496K, reserved 1079296K
  class space    used 4715K, capacity 5002K, committed 5040K, reserved 1048576K
}
Event: 8.214 GC heap before
{Heap before GC invocations=11 (full 2):
 PSYoungGen      total 136704K, used 11234K [0x00000000d5580000, 0x00000000e1880000, 0x0000000100000000)
  eden space 125440K, 0% used [0x00000000d5580000,0x00000000d5580000,0x00000000dd000000)
  from space 11264K, 99% used [0x00000000dd000000,0x00000000ddaf8a78,0x00000000ddb00000)
  to   space 12800K, 0% used [0x00000000e0c00000,0x00000000e0c00000,0x00000000e1880000)
 ParOldGen       total 48640K, used 7026K [0x0000000080000000, 0x0000000082f80000, 0x00000000d5580000)
  object space 48640K, 14% used [0x0000000080000000,0x00000000806dcab8,0x0000000082f80000)
 Metaspace       used 34348K, capacity 35414K, committed 35496K, reserved 1079296K
  class space    used 4715K, capacity 5002K, committed 5040K, reserved 1048576K
Event: 8.366 GC heap after
Heap after GC invocations=11 (full 2):
 PSYoungGen      total 136704K, used 0K [0x00000000d5580000, 0x00000000e1880000, 0x0000000100000000)
  eden space 125440K, 0% used [0x00000000d5580000,0x00000000d5580000,0x00000000dd000000)
  from space 11264K, 0% used [0x00000000dd000000,0x00000000dd000000,0x00000000ddb00000)
  to   space 12800K, 0% used [0x00000000e0c00000,0x00000000e0c00000,0x00000000e1880000)
 ParOldGen       total 75264K, used 17594K [0x0000000080000000, 0x0000000084980000, 0x00000000d5580000)
  object space 75264K, 23% used [0x0000000080000000,0x000000008112ea50,0x0000000084980000)
 Metaspace       used 34348K, capacity 35414K, committed 35496K, reserved 1079296K
  class space    used 4715K, capacity 5002K, committed 5040K, reserved 1048576K
}
Event: 10.276 GC heap before
{Heap before GC invocations=12 (full 2):
 PSYoungGen      total 136704K, used 125440K [0x00000000d5580000, 0x00000000e1880000, 0x0000000100000000)
  eden space 125440K, 100% used [0x00000000d5580000,0x00000000dd000000,0x00000000dd000000)
  from space 11264K, 0% used [0x00000000dd000000,0x00000000dd000000,0x00000000ddb00000)
  to   space 12800K, 0% used [0x00000000e0c00000,0x00000000e0c00000,0x00000000e1880000)
 ParOldGen       total 75264K, used 17594K [0x0000000080000000, 0x0000000084980000, 0x00000000d5580000)
  object space 75264K, 23% used [0x0000000080000000,0x000000008112ea50,0x0000000084980000)
 Metaspace       used 40068K, capacity 41848K, committed 42024K, reserved 1085440K
  class space    used 5517K, capacity 5902K, committed 5936K, reserved 1048576K
Event: 10.291 GC heap after
Heap after GC invocations=12 (full 2):
 PSYoungGen      total 176128K, used 10012K [0x00000000d5580000, 0x00000000e1600000, 0x0000000100000000)
  eden space 165888K, 0% used [0x00000000d5580000,0x00000000d5580000,0x00000000df780000)
  from space 10240K, 97% used [0x00000000e0c00000,0x00000000e15c72e8,0x00000000e1600000)
  to   space 13312K, 0% used [0x00000000dfc00000,0x00000000dfc00000,0x00000000e0900000)
 ParOldGen       total 75264K, used 17602K [0x0000000080000000, 0x0000000084980000, 0x00000000d5580000)
  object space 75264K, 23% used [0x0000000080000000,0x0000000081130a50,0x0000000084980000)
 Metaspace       used 40068K, capacity 41848K, committed 42024K, reserved 1085440K
  class space    used 5517K, capacity 5902K, committed 5936K, reserved 1048576K
}
Event: 14.124 GC heap before
{Heap before GC invocations=13 (full 2):
 PSYoungGen      total 176128K, used 175900K [0x00000000d5580000, 0x00000000e1600000, 0x0000000100000000)
  eden space 165888K, 100% used [0x00000000d5580000,0x00000000df780000,0x00000000df780000)
  from space 10240K, 97% used [0x00000000e0c00000,0x00000000e15c72e8,0x00000000e1600000)
  to   space 13312K, 0% used [0x00000000dfc00000,0x00000000dfc00000,0x00000000e0900000)
 ParOldGen       total 75264K, used 17602K [0x0000000080000000, 0x0000000084980000, 0x00000000d5580000)
  object space 75264K, 23% used [0x0000000080000000,0x0000000081130a50,0x0000000084980000)
 Metaspace       used 55537K, capacity 57722K, committed 58024K, reserved 1099776K
  class space    used 7558K, capacity 8042K, committed 8112K, reserved 1048576K
Event: 14.177 GC heap after
Heap after GC invocations=13 (full 2):
 PSYoungGen      total 183808K, used 13290K [0x00000000d5580000, 0x00000000e4f00000, 0x0000000100000000)
  eden space 170496K, 0% used [0x00000000d5580000,0x00000000d5580000,0x00000000dfc00000)
  from space 13312K, 99% used [0x00000000dfc00000,0x00000000e08fa820,0x00000000e0900000)
  to   space 19968K, 0% used [0x00000000e3b80000,0x00000000e3b80000,0x00000000e4f00000)
 ParOldGen       total 75264K, used 30469K [0x0000000080000000, 0x0000000084980000, 0x00000000d5580000)
  object space 75264K, 40% used [0x0000000080000000,0x0000000081dc16e0,0x0000000084980000)
 Metaspace       used 55537K, capacity 57722K, committed 58024K, reserved 1099776K
  class space    used 7558K, capacity 8042K, committed 8112K, reserved 1048576K
}

