# JRE version: OpenJDK Runtime Environment (8.0_242-b01) (build 1.8.0_242-release-1644-b01)
# Java VM: OpenJDK 64-Bit Server VM (25.242-b01 mixed mode windows-amd64 compressed oops)
Heap:
 PSYoungGen      total 248832K, used 39757K [0x00000000d5580000, 0x00000000e5f00000, 0x0000000100000000)
  eden space 228864K, 17% used [0x00000000d5580000,0x00000000d7c53628,0x00000000e3500000)
  from space 19968K, 0% used [0x00000000e4880000,0x00000000e4880000,0x00000000e5c00000)
  to   space 19968K, 0% used [0x00000000e3500000,0x00000000e3500000,0x00000000e4880000)
 ParOldGen       total 105984K, used 29837K [0x0000000080000000, 0x0000000086780000, 0x00000000d5580000)
  object space 105984K, 28% used [0x0000000080000000,0x0000000081d23540,0x0000000086780000)
 Metaspace       used 59258K, capacity 61726K, committed 62040K, reserved 1101824K
  class space    used 8207K, capacity 8712K, committed 8832K, reserved 1048576K
GC Heap History (10 events):
Event: 7.795 GC heap before
{Heap before GC invocations=11 (full 2):
 PSYoungGen      total 136704K, used 11249K [0x00000000d5580000, 0x00000000e1b80000, 0x0000000100000000)
  eden space 125440K, 0% used [0x00000000d5580000,0x00000000d5580000,0x00000000dd000000)
  from space 11264K, 99% used [0x00000000dd000000,0x00000000ddafc5d0,0x00000000ddb00000)
  to   space 12800K, 0% used [0x00000000e0f00000,0x00000000e0f00000,0x00000000e1b80000)
 ParOldGen       total 48128K, used 6793K [0x0000000080000000, 0x0000000082f00000, 0x00000000d5580000)
  object space 48128K, 14% used [0x0000000080000000,0x00000000806a2618,0x0000000082f00000)
 Metaspace       used 34235K, capacity 35380K, committed 35416K, reserved 1079296K
  class space    used 4708K, capacity 4969K, committed 4992K, reserved 1048576K
Event: 7.907 GC heap after
Heap after GC invocations=11 (full 2):
 PSYoungGen      total 136704K, used 0K [0x00000000d5580000, 0x00000000e1b80000, 0x0000000100000000)
  eden space 125440K, 0% used [0x00000000d5580000,0x00000000d5580000,0x00000000dd000000)
  from space 11264K, 0% used [0x00000000dd000000,0x00000000dd000000,0x00000000ddb00000)
  to   space 12800K, 0% used [0x00000000e0f00000,0x00000000e0f00000,0x00000000e1b80000)
 ParOldGen       total 71680K, used 17519K [0x0000000080000000, 0x0000000084600000, 0x00000000d5580000)
  object space 71680K, 24% used [0x0000000080000000,0x000000008111bc10,0x0000000084600000)
 Metaspace       used 34235K, capacity 35380K, committed 35416K, reserved 1079296K
  class space    used 4708K, capacity 4969K, committed 4992K, reserved 1048576K
}
Event: 9.756 GC heap before
{Heap before GC invocations=12 (full 2):
 PSYoungGen      total 136704K, used 125440K [0x00000000d5580000, 0x00000000e1b80000, 0x0000000100000000)
  eden space 125440K, 100% used [0x00000000d5580000,0x00000000dd000000,0x00000000dd000000)
  from space 11264K, 0% used [0x00000000dd000000,0x00000000dd000000,0x00000000ddb00000)
  to   space 12800K, 0% used [0x00000000e0f00000,0x00000000e0f00000,0x00000000e1b80000)
 ParOldGen       total 71680K, used 17519K [0x0000000080000000, 0x0000000084600000, 0x00000000d5580000)
  object space 71680K, 24% used [0x0000000080000000,0x000000008111bc10,0x0000000084600000)
 Metaspace       used 39279K, capacity 40936K, committed 41048K, reserved 1085440K
  class space    used 5414K, capacity 5746K, committed 5760K, reserved 1048576K
Event: 9.772 GC heap after
Heap after GC invocations=12 (full 2):
 PSYoungGen      total 180736K, used 9368K [0x00000000d5580000, 0x00000000e1880000, 0x0000000100000000)
  eden space 171008K, 0% used [0x00000000d5580000,0x00000000d5580000,0x00000000dfc80000)
  from space 9728K, 96% used [0x00000000e0f00000,0x00000000e1826038,0x00000000e1880000)
  to   space 13312K, 0% used [0x00000000dfe80000,0x00000000dfe80000,0x00000000e0b80000)
 ParOldGen       total 71680K, used 17527K [0x0000000080000000, 0x0000000084600000, 0x00000000d5580000)
  object space 71680K, 24% used [0x0000000080000000,0x000000008111dc10,0x0000000084600000)
 Metaspace       used 39279K, capacity 40936K, committed 41048K, reserved 1085440K
  class space    used 5414K, capacity 5746K, committed 5760K, reserved 1048576K
}
Event: 12.999 GC heap before
{Heap before GC invocations=13 (full 2):
 PSYoungGen      total 180736K, used 180376K [0x00000000d5580000, 0x00000000e1880000, 0x0000000100000000)
  eden space 171008K, 100% used [0x00000000d5580000,0x00000000dfc80000,0x00000000dfc80000)
  from space 9728K, 96% used [0x00000000e0f00000,0x00000000e1826038,0x00000000e1880000)
  to   space 13312K, 0% used [0x00000000dfe80000,0x00000000dfe80000,0x00000000e0b80000)
 ParOldGen       total 71680K, used 17527K [0x0000000080000000, 0x0000000084600000, 0x00000000d5580000)
  object space 71680K, 24% used [0x0000000080000000,0x000000008111dc10,0x0000000084600000)
 Metaspace       used 55276K, capacity 57488K, committed 57688K, reserved 1099776K
  class space    used 7518K, capacity 7971K, committed 8064K, reserved 1048576K
Event: 13.045 GC heap after
Heap after GC invocations=13 (full 2):
 PSYoungGen      total 186368K, used 13292K [0x00000000d5580000, 0x00000000e5c00000, 0x0000000100000000)
  eden space 173056K, 0% used [0x00000000d5580000,0x00000000d5580000,0x00000000dfe80000)
  from space 13312K, 99% used [0x00000000dfe80000,0x00000000e0b7b280,0x00000000e0b80000)
  to   space 19968K, 0% used [0x00000000e4880000,0x00000000e4880000,0x00000000e5c00000)
 ParOldGen       total 71680K, used 30787K [0x0000000080000000, 0x0000000084600000, 0x00000000d5580000)
  object space 71680K, 42% used [0x0000000080000000,0x0000000081e10c28,0x0000000084600000)
 Metaspace       used 55276K, capacity 57488K, committed 57688K, reserved 1099776K
  class space    used 7518K, capacity 7971K, committed 8064K, reserved 1048576K
}
Event: 13.743 GC heap before
{Heap before GC invocations=14 (full 2):
 PSYoungGen      total 186368K, used 34361K [0x00000000d5580000, 0x00000000e5c00000, 0x0000000100000000)
  eden space 173056K, 12% used [0x00000000d5580000,0x00000000d6a13350,0x00000000dfe80000)
  from space 13312K, 99% used [0x00000000dfe80000,0x00000000e0b7b280,0x00000000e0b80000)
  to   space 19968K, 0% used [0x00000000e4880000,0x00000000e4880000,0x00000000e5c00000)
 ParOldGen       total 71680K, used 30787K [0x0000000080000000, 0x0000000084600000, 0x00000000d5580000)
  object space 71680K, 42% used [0x0000000080000000,0x0000000081e10c28,0x0000000084600000)
 Metaspace       used 56622K, capacity 58870K, committed 58968K, reserved 1099776K
  class space    used 7749K, capacity 8232K, committed 8320K, reserved 1048576K
Event: 13.769 GC heap after
Heap after GC invocations=14 (full 2):
 PSYoungGen      total 248832K, used 1933K [0x00000000d5580000, 0x00000000e5f00000, 0x0000000100000000)
  eden space 228864K, 0% used [0x00000000d5580000,0x00000000d5580000,0x00000000e3500000)
  from space 19968K, 9% used [0x00000000e4880000,0x00000000e4a634e8,0x00000000e5c00000)
  to   space 19968K, 0% used [0x00000000e3500000,0x00000000e3500000,0x00000000e4880000)
 ParOldGen       total 71680K, used 41553K [0x0000000080000000, 0x0000000084600000, 0x00000000d5580000)
  object space 71680K, 57% used [0x0000000080000000,0x00000000828947d0,0x0000000084600000)
 Metaspace       used 56622K, capacity 58870K, committed 58968K, reserved 1099776K
  class space    used 7749K, capacity 8232K, committed 8320K, reserved 1048576K
}
Event: 13.769 GC heap before
{Heap before GC invocations=15 (full 3):
 PSYoungGen      total 248832K, used 1933K [0x00000000d5580000, 0x00000000e5f00000, 0x0000000100000000)
  eden space 228864K, 0% used [0x00000000d5580000,0x00000000d5580000,0x00000000e3500000)
  from space 19968K, 9% used [0x00000000e4880000,0x00000000e4a634e8,0x00000000e5c00000)
  to   space 19968K, 0% used [0x00000000e3500000,0x00000000e3500000,0x00000000e4880000)
 ParOldGen       total 71680K, used 41553K [0x0000000080000000, 0x0000000084600000, 0x00000000d5580000)
  object space 71680K, 57% used [0x0000000080000000,0x00000000828947d0,0x0000000084600000)
 Metaspace       used 56622K, capacity 58870K, committed 58968K, reserved 1099776K
  class space    used 7749K, capacity 8232K, committed 8320K, reserved 1048576K
Event: 14.082 GC heap after
Heap after GC invocations=15 (full 3):
 PSYoungGen      total 248832K, used 0K [0x00000000d5580000, 0x00000000e5f00000, 0x0000000100000000)
  eden space 228864K, 0% used [0x00000000d5580000,0x00000000d5580000,0x00000000e3500000)
  from space 19968K, 0% used [0x00000000e4880000,0x00000000e4880000,0x00000000e5c00000)
  to   space 19968K, 0% used [0x00000000e3500000,0x00000000e3500000,0x00000000e4880000)
 ParOldGen       total 105984K, used 29837K [0x0000000080000000, 0x0000000086780000, 0x00000000d5580000)
  object space 105984K, 28% used [0x0000000080000000,0x0000000081d23540,0x0000000086780000)
 Metaspace       used 56606K, capacity 58816K, committed 58968K, reserved 1099776K
  class space    used 7744K, capacity 8223K, committed 8320K, reserved 1048576K
}

